2022-09-12 14:07:00.666 ERROR [main] [com.m2i.tp.calcul.Calculs.racineCarreAvecConversion(Calculs.java:20)] - echec racineCarreAvecConversion avec x=-9.0
com.m2i.tp.calcul.CalculException: racine carree de x negatif impossible sur double
	at com.m2i.tp.calcul.Calculs.racineCarre(Calculs.java:42) ~[classes/:?]
	at com.m2i.tp.calcul.Calculs.racineCarreAvecConversion(Calculs.java:17) ~[classes/:?]
	at com.m2i.tp.app.App.m4(App.java:76) ~[classes/:?]
	at com.m2i.tp.app.App.main(App.java:34) ~[classes/:?]
2022-09-12 14:18:29.701 ERROR [main] [com.m2i.tp.calcul.Calculs.racineCarreAvecConversion(Calculs.java:20)] - echec racineCarreAvecConversion avec x=-9.0
com.m2i.tp.calcul.CalculException: racine carree de x negatif impossible sur double
	at com.m2i.tp.calcul.Calculs.racineCarre(Calculs.java:42) ~[classes/:?]
	at com.m2i.tp.calcul.Calculs.racineCarreAvecConversion(Calculs.java:17) ~[classes/:?]
	at com.m2i.tp.app.App.m4(App.java:76) ~[classes/:?]
	at com.m2i.tp.app.App.main(App.java:34) ~[classes/:?]
2022-09-13 15:56:56.505 ERROR [main] [com.m2i.tp.calcul.Calculs.racineCarreAvecConversion(Calculs.java:20)] - echec racineCarreAvecConversion avec x=-9.0
com.m2i.tp.calcul.CalculException: racine carree de x negatif impossible sur double
	at com.m2i.tp.calcul.Calculs.racineCarre(Calculs.java:42) ~[classes/:?]
	at com.m2i.tp.calcul.Calculs.racineCarreAvecConversion(Calculs.java:17) ~[classes/:?]
	at com.m2i.tp.app.App.m4(App.java:76) ~[classes/:?]
	at com.m2i.tp.app.App.main(App.java:34) ~[classes/:?]
2022-09-13 15:58:51.548 ERROR [main] [com.m2i.tp.calcul.Calculs.racineCarreAvecConversion(Calculs.java:20)] - echec racineCarreAvecConversion avec x=-9.0
com.m2i.tp.calcul.CalculException: racine carree de x negatif impossible sur double
	at com.m2i.tp.calcul.Calculs.racineCarre(Calculs.java:42) ~[classes/:?]
	at com.m2i.tp.calcul.Calculs.racineCarreAvecConversion(Calculs.java:17) ~[classes/:?]
	at com.m2i.tp.app.App.m4(App.java:76) ~[classes/:?]
	at com.m2i.tp.app.App.main(App.java:34) ~[classes/:?]
2022-09-13 16:01:51.624 ERROR [main] [com.m2i.tp.calcul.Calculs.racineCarreAvecConversion(Calculs.java:20)] - echec racineCarreAvecConversion avec x=-9.0
com.m2i.tp.calcul.CalculException: racine carree de x negatif impossible sur double
	at com.m2i.tp.calcul.Calculs.racineCarre(Calculs.java:42) ~[classes/:?]
	at com.m2i.tp.calcul.Calculs.racineCarreAvecConversion(Calculs.java:17) ~[classes/:?]
	at com.m2i.tp.app.App.m4(App.java:76) ~[classes/:?]
	at com.m2i.tp.app.App.main(App.java:34) ~[classes/:?]
